<?xml version="1.0" encoding="UTF-8"?>
<!-- Generated by org.testng.reporters.JUnitXMLReporter -->
<testsuite ignored="0" hostname="DESKTOP-3DLSUH2" failures="0" tests="2" name="Test-runner-edge" time="6.913" errors="0" timestamp="2025-01-15T12:49:26 IST">
  <testcase classname="swagLabs.Inventory.AddProductToCart" name="sampleTest" time="0.008"/>
  <testcase classname="swagLabs.Inventory.AddProductToCart" name="tc_001_AddProductToCartTest" time="1.147"/>
</testsuite> <!-- Test-runner-edge -->
