<?xml version="1.0" encoding="UTF-8"?>
<!-- Generated by org.testng.reporters.JUnitXMLReporter -->
<testsuite ignored="0" hostname="DESKTOP-3DLSUH2" failures="0" tests="2" name="Test-Runner-1" time="8.995" errors="0" timestamp="2025-01-15T11:56:00 IST">
  <testcase classname="swagLabs.Inventory.AddProductToCart" name="sampleTest" time="0.02"/>
  <testcase classname="swagLabs.Inventory.AddProductToCart" name="tc_001_AddProductToCartTest" time="1.459"/>
</testsuite> <!-- Test-Runner-1 -->
