<?xml version="1.0" encoding="UTF-8"?>
<!-- Generated by org.testng.reporters.JUnitXMLReporter -->
<testsuite ignored="0" hostname="DESKTOP-3DLSUH2" failures="0" tests="1" name="Test-Runner-2" time="6.918" errors="0" timestamp="2025-01-15T11:55:58 IST">
  <testcase classname="swagLabs.Inventory.RemoveProductTest" name="tc_002_removeProductFromCart" time="0.007"/>
</testsuite> <!-- Test-Runner-2 -->
