<?xml version="1.0" encoding="UTF-8"?>
<!-- Generated by org.testng.reporters.JUnitReportReporter -->
<testsuite hostname="DESKTOP-3DLSUH2" failures="0" tests="1" name="swagLabs.Inventory.RemoveProductTest" time="0.678" errors="0" timestamp="2025-01-18T13:21:38 IST" skipped="0">
  <testcase classname="swagLabs.Inventory.RemoveProductTest" name="tc_002_removeProductFromCart" time="0.678"/>
  <system-out/>
</testsuite> <!-- swagLabs.Inventory.RemoveProductTest -->
