<?xml version="1.0" encoding="UTF-8"?>
<!-- Generated by org.testng.reporters.JUnitReportReporter -->
<testsuite hostname="DESKTOP-3DLSUH2" failures="0" tests="3" name="Practise.TestNGPractice" time="0.028" errors="0" timestamp="2025-01-07T12:30:12 IST" skipped="0">
  <testcase classname="Practise.TestNGPractice" name="addProduct" time="0.003"/>
  <system-out/>
  <testcase classname="Practise.TestNGPractice" name="addProduct" time="0.023"/>
  <system-out/>
  <testcase classname="Practise.TestNGPractice" name="addProduct" time="0.002"/>
  <system-out/>
</testsuite> <!-- Practise.TestNGPractice -->
