<?xml version="1.0" encoding="UTF-8"?>
<!-- Generated by org.testng.reporters.JUnitReportReporter -->
<testsuite hostname="DESKTOP-3DLSUH2" failures="0" tests="1" name="swagLabs.Inventory.FilterTheProducts" time="0.612" errors="0" timestamp="2025-01-13T11:57:44 IST" skipped="0">
  <testcase classname="swagLabs.Inventory.FilterTheProducts" name="filterProducts" time="0.612"/>
  <system-out/>
</testsuite> <!-- swagLabs.Inventory.FilterTheProducts -->
